CRITICAL - 2022-07-31 20:07:37 --> Undefined array key "nama_kategori"
in APPPATH\Views\admin\addfilm_vw.php on line 63.
 1 APPPATH\Views\admin\addfilm_vw.php(63): CodeIgniter\Debug\Exceptions->errorHandler(2, 'Undefined array key "nama_kategori"', 'APPPATH\\Views\\admin\\addfilm_vw.php', 63)
 2 SYSTEMPATH\View\View.php(213): include('APPPATH\\Views\\admin\\addfilm_vw.php')
 3 SYSTEMPATH\View\View.php(216): CodeIgniter\View\View->CodeIgniter\View\{closure}()
 4 SYSTEMPATH\Common.php(1135): CodeIgniter\View\View->render('admin/addfilm_vw', [], true)
 5 APPPATH\Controllers\Admin\AddFilm.php(19): view('admin/addfilm_vw', [...])
 6 SYSTEMPATH\CodeIgniter.php(896): App\Controllers\Admin\AddFilm->index()
 7 SYSTEMPATH\CodeIgniter.php(466): CodeIgniter\CodeIgniter->runController(Object(App\Controllers\Admin\AddFilm))
 8 SYSTEMPATH\CodeIgniter.php(349): CodeIgniter\CodeIgniter->handleRequest(null, Object(Config\Cache), false)
 9 FCPATH\index.php(55): CodeIgniter\CodeIgniter->run()
10 SYSTEMPATH\Commands\Server\rewrite.php(43): require_once('FCPATH\\index.php')
CRITICAL - 2022-07-31 20:12:24 --> Undefined array key "nama_kategori"
in APPPATH\Views\admin\addfilm_vw.php on line 63.
 1 APPPATH\Views\admin\addfilm_vw.php(63): CodeIgniter\Debug\Exceptions->errorHandler(2, 'Undefined array key "nama_kategori"', 'APPPATH\\Views\\admin\\addfilm_vw.php', 63)
 2 SYSTEMPATH\View\View.php(213): include('APPPATH\\Views\\admin\\addfilm_vw.php')
 3 SYSTEMPATH\View\View.php(216): CodeIgniter\View\View->CodeIgniter\View\{closure}()
 4 SYSTEMPATH\Common.php(1135): CodeIgniter\View\View->render('admin/addfilm_vw', [], true)
 5 APPPATH\Controllers\Admin\AddFilm.php(19): view('admin/addfilm_vw', [...])
 6 SYSTEMPATH\CodeIgniter.php(896): App\Controllers\Admin\AddFilm->index()
 7 SYSTEMPATH\CodeIgniter.php(466): CodeIgniter\CodeIgniter->runController(Object(App\Controllers\Admin\AddFilm))
 8 SYSTEMPATH\CodeIgniter.php(349): CodeIgniter\CodeIgniter->handleRequest(null, Object(Config\Cache), false)
 9 FCPATH\index.php(55): CodeIgniter\CodeIgniter->run()
10 SYSTEMPATH\Commands\Server\rewrite.php(43): require_once('FCPATH\\index.php')
CRITICAL - 2022-07-31 20:16:35 --> Undefined array key "nama_kategori"
in APPPATH\Views\admin\addfilm_vw.php on line 63.
 1 APPPATH\Views\admin\addfilm_vw.php(63): CodeIgniter\Debug\Exceptions->errorHandler(2, 'Undefined array key "nama_kategori"', 'APPPATH\\Views\\admin\\addfilm_vw.php', 63)
 2 SYSTEMPATH\View\View.php(213): include('APPPATH\\Views\\admin\\addfilm_vw.php')
 3 SYSTEMPATH\View\View.php(216): CodeIgniter\View\View->CodeIgniter\View\{closure}()
 4 SYSTEMPATH\Common.php(1135): CodeIgniter\View\View->render('admin/addfilm_vw', [], true)
 5 APPPATH\Controllers\Admin\AddFilm.php(19): view('admin/addfilm_vw', [...])
 6 SYSTEMPATH\CodeIgniter.php(896): App\Controllers\Admin\AddFilm->index()
 7 SYSTEMPATH\CodeIgniter.php(466): CodeIgniter\CodeIgniter->runController(Object(App\Controllers\Admin\AddFilm))
 8 SYSTEMPATH\CodeIgniter.php(349): CodeIgniter\CodeIgniter->handleRequest(null, Object(Config\Cache), false)
 9 FCPATH\index.php(55): CodeIgniter\CodeIgniter->run()
10 SYSTEMPATH\Commands\Server\rewrite.php(43): require_once('FCPATH\\index.php')
CRITICAL - 2022-07-31 20:20:34 --> Undefined array key "nama_kategori"
in APPPATH\Views\admin\addfilm_vw.php on line 63.
 1 APPPATH\Views\admin\addfilm_vw.php(63): CodeIgniter\Debug\Exceptions->errorHandler(2, 'Undefined array key "nama_kategori"', 'APPPATH\\Views\\admin\\addfilm_vw.php', 63)
 2 SYSTEMPATH\View\View.php(213): include('APPPATH\\Views\\admin\\addfilm_vw.php')
 3 SYSTEMPATH\View\View.php(216): CodeIgniter\View\View->CodeIgniter\View\{closure}()
 4 SYSTEMPATH\Common.php(1135): CodeIgniter\View\View->render('admin/addfilm_vw', [], true)
 5 APPPATH\Controllers\Admin\AddFilm.php(19): view('admin/addfilm_vw', [...])
 6 SYSTEMPATH\CodeIgniter.php(896): App\Controllers\Admin\AddFilm->index()
 7 SYSTEMPATH\CodeIgniter.php(466): CodeIgniter\CodeIgniter->runController(Object(App\Controllers\Admin\AddFilm))
 8 SYSTEMPATH\CodeIgniter.php(349): CodeIgniter\CodeIgniter->handleRequest(null, Object(Config\Cache), false)
 9 FCPATH\index.php(55): CodeIgniter\CodeIgniter->run()
10 SYSTEMPATH\Commands\Server\rewrite.php(43): require_once('FCPATH\\index.php')
